#
# A fatal error has been detected by the Java Runtime Environment:
#
#  EXCEPTION_ACCESS_VIOLATION (0xc0000005) at pc=0x000000006eae0c32, pid=160144, tid=160676
#
# JRE version: Java(TM) SE Runtime Environment (7.0_51-b13) (build 1.7.0_51-b13)
# Java VM: Java HotSpot(TM) 64-Bit Server VM (24.51-b03 mixed mode windows-amd64 compressed oops)
# Problematic frame:
# V  [jvm.dll+0x40c32]
#
# Failed to write core dump. Minidumps are not enabled by default on client versions of Windows
#
# If you would like to submit a bug report, please visit:
#   http://bugreport.sun.com/bugreport/crash.jsp
#

---------------  T H R E A D  ---------------

Current thread (0x00000000020df000):  GCTaskThread [stack: 0x0000000005af0000,0x0000000005bf0000] [id=160676]

siginfo: ExceptionCode=0xc0000005, reading address 0x00000000000000a8

Registers:
RAX=0x0000000000000000, RBX=0x00000000f2d63480, RCX=0x00000000c043ccb0, RDX=0x00000000f2d63480
RSP=0x0000000005bef958, RBP=0x00000000054fc983, RSI=0x0000000008b34ce0, RDI=0x00000000c192a050
R8 =0x0000000000000000, R9 =0x00000000c043ccb0, R10=0xf2d62ce8b0b4dc38, R11=0x00000000f868abd8
R12=0x00000000054fc910, R13=0xf2d634a0b002dda0, R14=0x0000000000000000, R15=0x00000000020d9810
RIP=0x000000006eae0c32, EFLAGS=0x0000000000010246

Top of Stack: (sp=0x0000000005bef958)
0x0000000005bef958:   000000006ee3c216 00000000f2d62e68
0x0000000005bef968:   0000000000000006 0000000008b34ce0
0x0000000005bef978:   000000000218fe80 00000000f8684030
0x0000000005bef988:   0000000000001000 00000000020df270
0x0000000005bef998:   0000000000000000 0000000000000000
0x0000000005bef9a8:   0000000008b34c00 00000000054fc910
0x0000000005bef9b8:   000000006ee3c5a0 00000000f868adc8
0x0000000005bef9c8:   00000000054fc983 0000000008b34ce0
0x0000000005bef9d8:   00000000c192a050 00000000f868adc8
0x0000000005bef9e8:   000000006ee3d1b5 00000000f3d62dc8
0x0000000005bef9f8:   000007fefca110dc 00000000f8f0c448
0x0000000005befa08:   0000000000000004 0000000008b34ce0
0x0000000005befa18:   000000006eb65771 0000000000000000
0x0000000005befa28:   000000000218fe80 00000000c192a050
0x0000000005befa38:   000000006eb8d853 00000000c1929ff9
0x0000000005befa48:   00000000c1929ff9 00000000c0de9f58 

Instructions: (pc=0x000000006eae0c32)
0x000000006eae0c12:   e2 49 8d 0c 11 49 f7 d1 48 03 c1 49 c1 e9 03 48
0x000000006eae0c22:   c1 e8 03 41 23 c1 c3 48 8b 02 48 8b d1 49 8b c9
0x000000006eae0c32:   48 ff a0 a8 00 00 00 cc cc cc cc cc cc cc 80 3d
0x000000006eae0c42:   f1 9f 70 00 00 48 8b c1 74 1f 8b 51 08 8b 0d 63 


Register to memory mapping:

RAX=0x0000000000000000 is an unknown value
RBX=0x00000000f2d63480 is an unknown value
RCX=0x00000000c043ccb0 is pointing into object: 0x00000000c043cca0
java.lang.ref.ReferenceQueue$Null 
 - klass: 'java/lang/ref/ReferenceQueue$Null'
RDX=0x00000000f2d63480 is an unknown value
RSP=0x0000000005bef958 is an unknown value
RBP=0x00000000054fc983 is an unknown value
RSI=0x0000000008b34ce0 is an unknown value
RDI=0x00000000c192a050 is an oop
org.codehaus.groovy.reflection.ClassInfo 
 - klass: 'org/codehaus/groovy/reflection/ClassInfo'
R8 =0x0000000000000000 is an unknown value
R9 =0x00000000c043ccb0 is pointing into object: 0x00000000c043cca0
java.lang.ref.ReferenceQueue$Null 
 - klass: 'java/lang/ref/ReferenceQueue$Null'
R10=0xf2d62ce8b0b4dc38 is an unknown value
R11=0x00000000f868abd8 is an oop
org.codehaus.groovy.reflection.ClassInfo 
 - klass: 'org/codehaus/groovy/reflection/ClassInfo'
R12=0x00000000054fc910 is an unknown value
R13=0xf2d634a0b002dda0 is an unknown value
R14=0x0000000000000000 is an unknown value
R15=0x00000000020d9810 is an unknown value


Stack: [0x0000000005af0000,0x0000000005bf0000],  sp=0x0000000005bef958,  free space=1022k
Native frames: (J=compiled Java code, j=interpreted, Vv=VM code, C=native code)
V  [jvm.dll+0x40c32]


---------------  P R O C E S S  ---------------

Java Threads: ( => current thread )
  0x000000000dba4800 JavaThread "Stdin handler" [_thread_blocked, id=168708, stack(0x000000000d220000,0x000000000d320000)]
  0x000000000dba4000 JavaThread "Cancel handler" [_thread_blocked, id=168696, stack(0x000000000d0a0000,0x000000000d1a0000)]
  0x000000000dba3000 JavaThread "Handler for socket connection from /127.0.0.1:64489 to /127.0.0.1:51448" [_thread_in_native, id=168692, stack(0x000000000cf00000,0x000000000d000000)]
  0x000000000dba1800 JavaThread "Daemon worker Thread 31" [_thread_blocked, id=159968, stack(0x000000000e5e0000,0x000000000e6e0000)]
  0x000000000dba2800 JavaThread "Daemon Thread 31" [_thread_blocked, id=167016, stack(0x000000000ca00000,0x000000000cb00000)]
  0x000000000c37d000 JavaThread "File lock request listener" [_thread_in_native, id=160012, stack(0x000000000d4d0000,0x000000000d5d0000)]
  0x000000000ae4b800 JavaThread "Incoming local TCP Connector on port 64489" [_thread_in_native, id=160608, stack(0x000000000ccf0000,0x000000000cdf0000)]
  0x0000000008baa000 JavaThread "Service Thread" daemon [_thread_blocked, id=160628, stack(0x0000000009cc0000,0x0000000009dc0000)]
  0x0000000008ba8000 JavaThread "C2 CompilerThread1" daemon [_thread_blocked, id=157996, stack(0x000000000a430000,0x000000000a530000)]
  0x0000000008b9f800 JavaThread "C2 CompilerThread0" daemon [_thread_blocked, id=160236, stack(0x000000000a210000,0x000000000a310000)]
  0x0000000008b9d800 JavaThread "Attach Listener" daemon [_thread_blocked, id=160252, stack(0x000000000a310000,0x000000000a410000)]
  0x0000000008b96800 JavaThread "Signal Dispatcher" daemon [_thread_blocked, id=160696, stack(0x000000000a110000,0x000000000a210000)]
  0x0000000008b46000 JavaThread "Finalizer" daemon [_thread_blocked, id=160708, stack(0x0000000009f50000,0x000000000a050000)]
  0x0000000008b3b000 JavaThread "Reference Handler" daemon [_thread_blocked, id=160716, stack(0x0000000009de0000,0x0000000009ee0000)]
  0x000000000208e000 JavaThread "main" [_thread_blocked, id=160124, stack(0x00000000021b0000,0x00000000022b0000)]

Other Threads:
  0x0000000008b37800 VMThread [stack: 0x0000000009ba0000,0x0000000009ca0000] [id=160672]
  0x0000000008bbb000 WatcherThread [stack: 0x000000000a6f0000,0x000000000a7f0000] [id=160372]

=>0x00000000020df000 (exited) GCTaskThread [stack: 0x0000000005af0000,0x0000000005bf0000] [id=160676]

VM state:at safepoint (normal execution)

VM Mutex/Monitor currently owned by a thread:  ([mutex/lock_event])
[0x000000000208c0c0] Threads_lock - owner thread: 0x0000000008b37800
[0x000000000208c5c0] Heap_lock - owner thread: 0x000000000dba1800

Heap
 PSYoungGen      total 153600K, used 153111K [0x00000000eaa80000, 0x00000000fde80000, 0x0000000100000000)
  eden space 133632K, 100% used [0x00000000eaa80000,0x00000000f2d00000,0x00000000f2d00000)
  from space 19968K, 97% used [0x00000000f2d00000,0x00000000f4005ed8,0x00000000f4080000)
  to   space 90624K, 32% used [0x00000000f8600000,0x00000000fa2fcad8,0x00000000fde80000)
 ParOldGen       total 363520K, used 177502K [0x00000000c0000000, 0x00000000d6300000, 0x00000000eaa80000)
  object space 363520K, 48% used [0x00000000c0000000,0x00000000cad57990,0x00000000d6300000)
 PSPermGen       total 213504K, used 182226K [0x00000000b0000000, 0x00000000bd080000, 0x00000000c0000000)
  object space 213504K, 85% used [0x00000000b0000000,0x00000000bb1f4a48,0x00000000bd080000)

Card table byte_map: [0x0000000005470000,0x0000000005700000] byte_map_base: 0x0000000004ef0000

Polling page: 0x0000000000350000

Code Cache  [0x00000000023b0000, 0x0000000002f30000, 0x00000000053b0000)
 total_blobs=3616 nmethods=2985 adapters=582 free_code_cache=37574Kb largest_free_block=38328256

Compilation events (10 events):
Event: 6924.684 Thread 0x0000000008ba8000 3428             com.android.builder.signing.SignedJarBuilder$CountOutputStream::write (16 bytes)
Event: 6924.686 Thread 0x0000000008ba8000 nmethod 3428 0x00000000025cd250 code [0x00000000025cd3a0, 0x00000000025cd7a8]
Event: 6924.836 Thread 0x0000000008b9f800 3429             java.util.concurrent.SynchronousQueue$TransferStack::awaitFulfill (180 bytes)
Event: 6924.840 Thread 0x0000000008b9f800 nmethod 3429 0x0000000002c0a910 code [0x0000000002c0aaa0, 0x0000000002c0afa0]
Event: 6972.629 Thread 0x0000000008ba8000 3430             java.io.ObjectInputStream$BlockDataInputStream::getBlockDataMode (5 bytes)
Event: 6972.629 Thread 0x0000000008ba8000 nmethod 3430 0x0000000002dee050 code [0x0000000002dee180, 0x0000000002dee1d8]
Event: 6972.841 Thread 0x0000000008b9f800 3431  s          sun.security.provider.SecureRandom::engineNextBytes (242 bytes)
Event: 6972.849 Thread 0x0000000008b9f800 nmethod 3431 0x0000000002f0d0d0 code [0x0000000002f0d240, 0x0000000002f0da48]
Event: 6973.290 Thread 0x0000000008ba8000 3432             org.apache.commons.collections.iterators.IteratorChain::updateCurrentIterator (118 bytes)
Event: 6973.295 Thread 0x0000000008ba8000 nmethod 3432 0x00000000026fd050 code [0x00000000026fd1e0, 0x00000000026fd538]

GC Heap History (10 events):
Event: 6857.689 GC heap after
Heap after GC invocations=110 (full 28):
 PSYoungGen      total 213504K, used 71322K [0x00000000eaa80000, 0x00000000fe180000, 0x0000000100000000)
  eden space 133120K, 0% used [0x00000000eaa80000,0x00000000eaa80000,0x00000000f2c80000)
  from space 80384K, 88% used [0x00000000f8300000,0x00000000fc8a6970,0x00000000fd180000)
  to   space 88576K, 0% used [0x00000000f2c80000,0x00000000f2c80000,0x00000000f8300000)
 ParOldGen       total 363520K, used 170627K [0x00000000c0000000, 0x00000000d6300000, 0x00000000eaa80000)
  object space 363520K, 46% used [0x00000000c0000000,0x00000000ca6a0d70,0x00000000d6300000)
 PSPermGen       total 178688K, used 171298K [0x00000000b0000000, 0x00000000bae80000, 0x00000000c0000000)
  object space 178688K, 95% used [0x00000000b0000000,0x00000000ba748aa8,0x00000000bae80000)
}
Event: 6857.803 GC heap before
{Heap before GC invocations=111 (full 28):
 PSYoungGen      total 213504K, used 75050K [0x00000000eaa80000, 0x00000000fe180000, 0x0000000100000000)
  eden space 133120K, 2% used [0x00000000eaa80000,0x00000000eae24250,0x00000000f2c80000)
  from space 80384K, 88% used [0x00000000f8300000,0x00000000fc8a6970,0x00000000fd180000)
  to   space 88576K, 0% used [0x00000000f2c80000,0x00000000f2c80000,0x00000000f8300000)
 ParOldGen       total 363520K, used 170627K [0x00000000c0000000, 0x00000000d6300000, 0x00000000eaa80000)
  object space 363520K, 46% used [0x00000000c0000000,0x00000000ca6a0d70,0x00000000d6300000)
 PSPermGen       total 178688K, used 171335K [0x00000000b0000000, 0x00000000bae80000, 0x00000000c0000000)
  object space 178688K, 95% used [0x00000000b0000000,0x00000000ba751fc0,0x00000000bae80000)
Event: 6857.838 GC heap after
Heap after GC invocations=111 (full 28):
 PSYoungGen      total 221696K, used 63678K [0x00000000eaa80000, 0x00000000fe880000, 0x0000000100000000)
  eden space 133120K, 0% used [0x00000000eaa80000,0x00000000eaa80000,0x00000000f2c80000)
  from space 88576K, 71% used [0x00000000f2c80000,0x00000000f6aafa98,0x00000000f8300000)
  to   space 92160K, 0% used [0x00000000f8e80000,0x00000000f8e80000,0x00000000fe880000)
 ParOldGen       total 363520K, used 170627K [0x00000000c0000000, 0x00000000d6300000, 0x00000000eaa80000)
  object space 363520K, 46% used [0x00000000c0000000,0x00000000ca6a0d70,0x00000000d6300000)
 PSPermGen       total 178688K, used 171335K [0x00000000b0000000, 0x00000000bae80000, 0x00000000c0000000)
  object space 178688K, 95% used [0x00000000b0000000,0x00000000ba751fc0,0x00000000bae80000)
}
Event: 6857.838 GC heap before
{Heap before GC invocations=112 (full 29):
 PSYoungGen      total 221696K, used 63678K [0x00000000eaa80000, 0x00000000fe880000, 0x0000000100000000)
  eden space 133120K, 0% used [0x00000000eaa80000,0x00000000eaa80000,0x00000000f2c80000)
  from space 88576K, 71% used [0x00000000f2c80000,0x00000000f6aafa98,0x00000000f8300000)
  to   space 92160K, 0% used [0x00000000f8e80000,0x00000000f8e80000,0x00000000fe880000)
 ParOldGen       total 363520K, used 170627K [0x00000000c0000000, 0x00000000d6300000, 0x00000000eaa80000)
  object space 363520K, 46% used [0x00000000c0000000,0x00000000ca6a0d70,0x00000000d6300000)
 PSPermGen       total 178688K, used 171335K [0x00000000b0000000, 0x00000000bae80000, 0x00000000c0000000)
  object space 178688K, 95% used [0x00000000b0000000,0x00000000ba751fc0,0x00000000bae80000)
Event: 6858.466 GC heap after
Heap after GC invocations=112 (full 29):
 PSYoungGen      total 221696K, used 0K [0x00000000eaa80000, 0x00000000fe880000, 0x0000000100000000)
  eden space 133120K, 0% used [0x00000000eaa80000,0x00000000eaa80000,0x00000000f2c80000)
  from space 88576K, 0% used [0x00000000f2c80000,0x00000000f2c80000,0x00000000f8300000)
  to   space 92160K, 0% used [0x00000000f8e80000,0x00000000f8e80000,0x00000000fe880000)
 ParOldGen       total 363520K, used 177502K [0x00000000c0000000, 0x00000000d6300000, 0x00000000eaa80000)
  object space 363520K, 48% used [0x00000000c0000000,0x00000000cad57990,0x00000000d6300000)
 PSPermGen       total 213504K, used 168949K [0x00000000b0000000, 0x00000000bd080000, 0x00000000c0000000)
  object space 213504K, 79% used [0x00000000b0000000,0x00000000ba4fd4f8,0x00000000bd080000)
}
Event: 6921.982 GC heap before
{Heap before GC invocations=113 (full 29):
 PSYoungGen      total 221696K, used 133120K [0x00000000eaa80000, 0x00000000fe880000, 0x0000000100000000)
  eden space 133120K, 100% used [0x00000000eaa80000,0x00000000f2c80000,0x00000000f2c80000)
  from space 88576K, 0% used [0x00000000f2c80000,0x00000000f2c80000,0x00000000f8300000)
  to   space 92160K, 0% used [0x00000000f8e80000,0x00000000f8e80000,0x00000000fe880000)
 ParOldGen       total 363520K, used 177502K [0x00000000c0000000, 0x00000000d6300000, 0x00000000eaa80000)
  object space 363520K, 48% used [0x00000000c0000000,0x00000000cad57990,0x00000000d6300000)
 PSPermGen       total 213504K, used 173264K [0x00000000b0000000, 0x00000000bd080000, 0x00000000c0000000)
  object space 213504K, 81% used [0x00000000b0000000,0x00000000ba9341b8,0x00000000bd080000)
Event: 6922.003 GC heap after
Heap after GC invocations=113 (full 29):
 PSYoungGen      total 218112K, used 14167K [0x00000000eaa80000, 0x00000000fe100000, 0x0000000100000000)
  eden space 133632K, 0% used [0x00000000eaa80000,0x00000000eaa80000,0x00000000f2d00000)
  from space 84480K, 16% used [0x00000000f8e80000,0x00000000f9c55e78,0x00000000fe100000)
  to   space 92160K, 0% used [0x00000000f2d00000,0x00000000f2d00000,0x00000000f8700000)
 ParOldGen       total 363520K, used 177502K [0x00000000c0000000, 0x00000000d6300000, 0x00000000eaa80000)
  object space 363520K, 48% used [0x00000000c0000000,0x00000000cad57990,0x00000000d6300000)
 PSPermGen       total 213504K, used 173264K [0x00000000b0000000, 0x00000000bd080000, 0x00000000c0000000)
  object space 213504K, 81% used [0x00000000b0000000,0x00000000ba9341b8,0x00000000bd080000)
}
Event: 6972.741 GC heap before
{Heap before GC invocations=114 (full 29):
 PSYoungGen      total 218112K, used 147799K [0x00000000eaa80000, 0x00000000fe100000, 0x0000000100000000)
  eden space 133632K, 100% used [0x00000000eaa80000,0x00000000f2d00000,0x00000000f2d00000)
  from space 84480K, 16% used [0x00000000f8e80000,0x00000000f9c55e78,0x00000000fe100000)
  to   space 92160K, 0% used [0x00000000f2d00000,0x00000000f2d00000,0x00000000f8700000)
 ParOldGen       total 363520K, used 177502K [0x00000000c0000000, 0x00000000d6300000, 0x00000000eaa80000)
  object space 363520K, 48% used [0x00000000c0000000,0x00000000cad57990,0x00000000d6300000)
 PSPermGen       total 213504K, used 176569K [0x00000000b0000000, 0x00000000bd080000, 0x00000000c0000000)
  object space 213504K, 82% used [0x00000000b0000000,0x00000000bac6e5f0,0x00000000bd080000)
Event: 6972.757 GC heap after
Heap after GC invocations=114 (full 29):
 PSYoungGen      total 153600K, used 19479K [0x00000000eaa80000, 0x00000000fde80000, 0x0000000100000000)
  eden space 133632K, 0% used [0x00000000eaa80000,0x00000000eaa80000,0x00000000f2d00000)
  from space 19968K, 97% used [0x00000000f2d00000,0x00000000f4005ed8,0x00000000f4080000)
  to   space 90624K, 0% used [0x00000000f8600000,0x00000000f8600000,0x00000000fde80000)
 ParOldGen       total 363520K, used 177502K [0x00000000c0000000, 0x00000000d6300000, 0x00000000eaa80000)
  object space 363520K, 48% used [0x00000000c0000000,0x00000000cad57990,0x00000000d6300000)
 PSPermGen       total 213504K, used 176569K [0x00000000b0000000, 0x00000000bd080000, 0x00000000c0000000)
  object space 213504K, 82% used [0x00000000b0000000,0x00000000bac6e5f0,0x00000000bd080000)
}
Event: 6973.712 GC heap before
{Heap before GC invocations=115 (full 29):
 PSYoungGen      total 153600K, used 153111K [0x00000000eaa80000, 0x00000000fde80000, 0x0000000100000000)
  eden space 133632K, 100% used [0x00000000eaa80000,0x00000000f2d00000,0x00000000f2d00000)
  from space 19968K, 97% used [0x00000000f2d00000,0x00000000f4005ed8,0x00000000f4080000)
  to   space 90624K, 0% used [0x00000000f8600000,0x00000000f8600000,0x00000000fde80000)
 ParOldGen       total 363520K, used 177502K [0x00000000c0000000, 0x00000000d6300000, 0x00000000eaa80000)
  object space 363520K, 48% used [0x00000000c0000000,0x00000000cad57990,0x00000000d6300000)
 PSPermGen       total 213504K, used 182226K [0x00000000b0000000, 0x00000000bd080000, 0x00000000c0000000)
  object space 213504K, 85% used [0x00000000b0000000,0x00000000bb1f4a48,0x00000000bd080000)

Deoptimization events (10 events):
Event: 6617.961 Thread 0x000000000dba4000 Uncommon trap: reason=null_check action=make_not_entrant pc=0x0000000002e03a40 method=com.android.ide.common.res2.NodeUtils.processSingleNodeNamespace(Lorg/w3c/dom/Node;Lorg/w3c/dom/Document;)Z @ 8
Event: 6618.724 Thread 0x000000000dba4000 Uncommon trap: reason=class_check action=maybe_recompile pc=0x00000000025cd5a0 method=java.lang.StringBuilder.append(Ljava/lang/CharSequence;)Ljava/lang/StringBuilder; @ 40
Event: 6618.724 Thread 0x000000000dba4000 Uncommon trap: reason=bimorphic action=maybe_recompile pc=0x00000000026fd5a4 method=java.lang.AbstractStringBuilder.append(Ljava/lang/CharSequence;II)Ljava/lang/AbstractStringBuilder; @ 18
Event: 6635.998 Thread 0x000000000dba4000 Uncommon trap: reason=null_check action=make_not_entrant pc=0x0000000002dee4c0 method=com.android.ide.common.res2.NodeUtils.processSingleNodeNamespace(Lorg/w3c/dom/Node;Lorg/w3c/dom/Document;)Z @ 8
Event: 6636.761 Thread 0x000000000dba4000 Uncommon trap: reason=class_check action=maybe_recompile pc=0x00000000025cd5a0 method=java.lang.StringBuilder.append(Ljava/lang/CharSequence;)Ljava/lang/StringBuilder; @ 40
Event: 6636.761 Thread 0x000000000dba4000 Uncommon trap: reason=bimorphic action=maybe_recompile pc=0x00000000026fd5a4 method=java.lang.AbstractStringBuilder.append(Ljava/lang/CharSequence;II)Ljava/lang/AbstractStringBuilder; @ 18
Event: 6649.973 Thread 0x000000000dba4000 Uncommon trap: reason=null_check action=make_not_entrant pc=0x00000000028876c0 method=com.android.ide.common.res2.NodeUtils.processSingleNodeNamespace(Lorg/w3c/dom/Node;Lorg/w3c/dom/Document;)Z @ 8
Event: 6706.180 Thread 0x000000000dba4000 Uncommon trap: reason=null_check action=make_not_entrant pc=0x0000000002dfadc0 method=com.android.ide.common.res2.NodeUtils.processSingleNodeNamespace(Lorg/w3c/dom/Node;Lorg/w3c/dom/Document;)Z @ 8
Event: 6853.424 Thread 0x000000000dba4000 Uncommon trap: reason=unloaded action=reinterpret pc=0x00000000025d5660 method=java.util.LinkedHashMap$LinkedHashIterator.nextEntry()Ljava/util/LinkedHashMap$Entry; @ 14
Event: 6855.067 Thread 0x000000000dba3000 Uncommon trap: reason=null_check action=make_not_entrant pc=0x00000000027356c0 method=com.android.ide.common.res2.NodeUtils.processSingleNodeNamespace(Lorg/w3c/dom/Node;Lorg/w3c/dom/Document;)Z @ 8

Internal exceptions (10 events):
Event: 6973.708 Thread 0x000000000dba1800 Threw 0x00000000f2cad400 at C:\re\jdk7u51\527\hotspot\src\share\vm\prims\jvm.cpp:1244
Event: 6973.708 Thread 0x000000000dba1800 Threw 0x00000000f2cae270 at C:\re\jdk7u51\527\hotspot\src\share\vm\prims\jvm.cpp:1244
Event: 6973.708 Thread 0x000000000dba1800 Threw 0x00000000f2caef78 at C:\re\jdk7u51\527\hotspot\src\share\vm\prims\jvm.cpp:1244
Event: 6973.708 Thread 0x000000000dba1800 Threw 0x00000000f2cb4c78 at C:\re\jdk7u51\527\hotspot\src\share\vm\prims\jvm.cpp:1244
Event: 6973.708 Thread 0x000000000dba1800 Threw 0x00000000f2cb5138 at C:\re\jdk7u51\527\hotspot\src\share\vm\classfile\systemDictionary.cpp:185
Event: 6973.709 Thread 0x000000000dba1800 Threw 0x00000000f2cc9140 at C:\re\jdk7u51\527\hotspot\src\share\vm\prims\jvm.cpp:1244
Event: 6973.709 Thread 0x000000000dba1800 Threw 0x00000000f2cca038 at C:\re\jdk7u51\527\hotspot\src\share\vm\prims\jvm.cpp:1244
Event: 6973.709 Thread 0x000000000dba1800 Threw 0x00000000f2ccad98 at C:\re\jdk7u51\527\hotspot\src\share\vm\prims\jvm.cpp:1244
Event: 6973.709 Thread 0x000000000dba1800 Threw 0x00000000f2cd10c8 at C:\re\jdk7u51\527\hotspot\src\share\vm\prims\jvm.cpp:1244
Event: 6973.709 Thread 0x000000000dba1800 Threw 0x00000000f2cd1598 at C:\re\jdk7u51\527\hotspot\src\share\vm\classfile\systemDictionary.cpp:185

Events (10 events):
Event: 6973.708 loading class 0x000000000c47b210 done
Event: 6973.708 loading class 0x000000000c47b800
Event: 6973.708 loading class 0x000000000c47b800 done
Event: 6973.708 loading class 0x000000000c47b800
Event: 6973.708 loading class 0x000000000c47b800 done
Event: 6973.709 loading class 0x000000000f3739d0
Event: 6973.709 loading class 0x000000000f3739d0 done
Event: 6973.709 loading class 0x000000000f3739d0
Event: 6973.709 loading class 0x000000000f3739d0 done
Event: 6973.711 Executing VM operation: ParallelGCFailedAllocation


Dynamic libraries:
0x000000013fb30000 - 0x000000013fb63000 	C:\Program Files\Java\jdk1.7.0_51\bin\java.exe
0x0000000077960000 - 0x0000000077b09000 	C:\Windows\SYSTEM32\ntdll.dll
0x0000000077740000 - 0x000000007785f000 	C:\Windows\system32\kernel32.dll
0x000007fefca10000 - 0x000007fefca7c000 	C:\Windows\system32\KERNELBASE.dll
0x000007fefdeb0000 - 0x000007fefdf8b000 	C:\Windows\system32\ADVAPI32.dll
0x000007fefeb70000 - 0x000007fefec0f000 	C:\Windows\system32\msvcrt.dll
0x000007fefe6f0000 - 0x000007fefe70f000 	C:\Windows\SYSTEM32\sechost.dll
0x000007fefdd70000 - 0x000007fefde9d000 	C:\Windows\system32\RPCRT4.dll
0x0000000077860000 - 0x000000007795a000 	C:\Windows\system32\USER32.dll
0x000007fefdf90000 - 0x000007fefdff7000 	C:\Windows\system32\GDI32.dll
0x000007fefdea0000 - 0x000007fefdeae000 	C:\Windows\system32\LPK.dll
0x000007fefd8e0000 - 0x000007fefd9a9000 	C:\Windows\system32\USP10.dll
0x000007fefb0e0000 - 0x000007fefb2d4000 	C:\Windows\WinSxS\amd64_microsoft.windows.common-controls_6595b64144ccf1df_6.0.7601.17514_none_fa396087175ac9ac\COMCTL32.dll
0x000007fefeaf0000 - 0x000007fefeb61000 	C:\Windows\system32\SHLWAPI.dll
0x000007fefd8b0000 - 0x000007fefd8de000 	C:\Windows\system32\IMM32.DLL
0x000007fefe7f0000 - 0x000007fefe8f9000 	C:\Windows\system32\MSCTF.dll
0x000007fef89b0000 - 0x000007fef8a39000 	C:\Program Files (x86)\AVG\AVG2015\avghooka.dll
0x000000005e380000 - 0x000000005e452000 	C:\Program Files\Java\jdk1.7.0_51\jre\bin\msvcr100.dll
0x000000006eaa0000 - 0x000000006f269000 	C:\Program Files\Java\jdk1.7.0_51\jre\bin\server\jvm.dll
0x000007fef0c60000 - 0x000007fef0c69000 	C:\Windows\system32\WSOCK32.dll
0x000007fefe000000 - 0x000007fefe04d000 	C:\Windows\system32\WS2_32.dll
0x000007fefe900000 - 0x000007fefe908000 	C:\Windows\system32\NSI.dll
0x000007fefa290000 - 0x000007fefa2cb000 	C:\Windows\system32\WINMM.dll
0x0000000077b20000 - 0x0000000077b27000 	C:\Windows\system32\PSAPI.DLL
0x0000000068500000 - 0x000000006850f000 	C:\Program Files\Java\jdk1.7.0_51\jre\bin\verify.dll
0x00000000684d0000 - 0x00000000684f8000 	C:\Program Files\Java\jdk1.7.0_51\jre\bin\java.dll
0x00000000684b0000 - 0x00000000684c5000 	C:\Program Files\Java\jdk1.7.0_51\jre\bin\zip.dll
0x0000000068490000 - 0x00000000684a9000 	C:\Program Files\Java\jdk1.7.0_51\jre\bin\net.dll
0x0000000180000000 - 0x000000018006f000 	C:\Program Files\NVIDIA Corporation\NetworkAccessManager\bin32\nvLsp64.dll
0x000007fefd9d0000 - 0x000007fefdbd3000 	C:\Windows\system32\ole32.dll
0x000007fefe710000 - 0x000007fefe7e7000 	C:\Windows\system32\OLEAUT32.dll
0x000007fefbe60000 - 0x000007fefbeb5000 	C:\Windows\system32\mswsock.dll
0x000007fefbe50000 - 0x000007fefbe57000 	C:\Windows\System32\wship6.dll
0x0000000068470000 - 0x0000000068481000 	C:\Program Files\Java\jdk1.7.0_51\jre\bin\nio.dll
0x000007fefbec0000 - 0x000007fefbed8000 	C:\Windows\system32\CRYPTSP.dll
0x000007fefbb90000 - 0x000007fefbbd7000 	C:\Windows\system32\rsaenh.dll
0x000007fefc7d0000 - 0x000007fefc7ee000 	C:\Windows\system32\USERENV.dll
0x000007fefc6c0000 - 0x000007fefc6cf000 	C:\Windows\system32\profapi.dll
0x000007fefc520000 - 0x000007fefc52f000 	C:\Windows\system32\CRYPTBASE.dll
0x000007fefa110000 - 0x000007fefa125000 	C:\Windows\system32\NLAapi.dll
0x000007fef73a0000 - 0x000007fef73b5000 	C:\Windows\system32\napinsp.dll
0x000007fef7380000 - 0x000007fef7399000 	C:\Windows\system32\pnrpnsp.dll
0x000000006bc10000 - 0x000000006bc36000 	C:\Program Files\Bonjour\mdnsNSP.dll
0x000007fef9c60000 - 0x000007fef9c87000 	C:\Windows\system32\Iphlpapi.DLL
0x000007fef9c40000 - 0x000007fef9c4b000 	C:\Windows\system32\WINNSI.DLL
0x000007fefbce0000 - 0x000007fefbd3b000 	C:\Windows\system32\DNSAPI.dll
0x000007fef7370000 - 0x000007fef737b000 	C:\Windows\System32\winrnr.dll
0x000007fefb870000 - 0x000007fefb877000 	C:\Windows\System32\wshtcpip.dll
0x000007fef80a0000 - 0x000007fef80a8000 	C:\Windows\system32\rasadhlp.dll
0x000007fef9b00000 - 0x000007fef9b53000 	C:\Windows\System32\fwpuclnt.dll
0x000007feff580000 - 0x000007feff592000 	C:\Users\Matt\AppData\Local\Temp\native-platform8995182543137410429dir\native-platform.dll
0x000007fef9ae0000 - 0x000007fef9af1000 	C:\Windows\system32\dhcpcsvc6.DLL
0x000007fef9ac0000 - 0x000007fef9ad8000 	C:\Windows\system32\dhcpcsvc.DLL
0x000007fefc4c0000 - 0x000007fefc517000 	C:\Windows\system32\apphelp.dll
0x000007fee9e60000 - 0x000007fee9f85000 	C:\Windows\system32\dbghelp.dll

VM Arguments:
jvm_args: -XX:MaxPermSize=256m -XX:+HeapDumpOnOutOfMemoryError -Xmx1024m -Dfile.encoding=windows-1252 -Duser.country=US -Duser.language=en -Duser.variant 
java_command: org.gradle.launcher.daemon.bootstrap.GradleDaemon 2.2.1 C:\Users\Matt\.gradle\daemon 10800000 89fec7ba-d301-4fce-bb3f-bae2574bcb2f -XX:MaxPermSize=256m -XX:+HeapDumpOnOutOfMemoryError -Xmx1024m -Dfile.encoding=windows-1252 -Duser.country=US -Duser.language=en -Duser.variant
Launcher Type: SUN_STANDARD

Environment Variables:
PATH=C:\Program Files (x86)\NVIDIA Corporation\PhysX\Common;C:\Program Files (x86)\Intel\iCLS Client\;C:\Program Files\Intel\iCLS Client\;C:\Program Files (x86)\AMD APP\bin\x86_64;C:\Program Files (x86)\AMD APP\bin\x86;C:\Windows\system32;C:\Windows;C:\Windows\System32\Wbem;C:\Windows\System32\WindowsPowerShell\v1.0\;C:\Program Files (x86)\ATI Technologies\ATI.ACE\Core-Static;C:\Program Files\Intel\Intel(R) Management Engine Components\DAL;C:\Program Files\Intel\Intel(R) Management Engine Components\IPT;C:\Program Files (x86)\Intel\Intel(R) Management Engine Components\DAL;C:\Program Files (x86)\Intel\Intel(R) Management Engine Components\IPT;C:\Python34
USERNAME=Matt
OS=Windows_NT
PROCESSOR_IDENTIFIER=Intel64 Family 6 Model 58 Stepping 9, GenuineIntel



---------------  S Y S T E M  ---------------

OS: Windows 7 , 64 bit Build 7601 Service Pack 1

CPU:total 4 (4 cores per cpu, 1 threads per core) family 6 model 58 stepping 9, cmov, cx8, fxsr, mmx, sse, sse2, sse3, ssse3, sse4.1, sse4.2, popcnt, avx, aes, erms, tsc, tscinvbit, tscinv

Memory: 4k page, physical 16739268k(9496628k free), swap 33476676k(22265380k free)

vm_info: Java HotSpot(TM) 64-Bit Server VM (24.51-b03) for windows-amd64 JRE (1.7.0_51-b13), built on Dec 18 2013 18:40:56 by "java_re" with unknown MS VC++:1600

time: Tue Jan 27 01:14:44 2015
elapsed time: 6973 seconds

